0 info it worked if it ends with ok
1 verbose cli [ '/usr/local/bin/node',
1 verbose cli   '/usr/local/bin/npm',
1 verbose cli   'unpublish',
1 verbose cli   'pzvue-select-option@0.6.0' ]
2 info using npm@3.10.9
3 info using node@v6.9.2
4 silly unpublish args[0] pzvue-select-option@0.6.0
5 silly unpublish thing Result {
5 silly unpublish   raw: 'pzvue-select-option@0.6.0',
5 silly unpublish   scope: null,
5 silly unpublish   escapedName: 'pzvue-select-option',
5 silly unpublish   name: 'pzvue-select-option',
5 silly unpublish   rawSpec: '0.6.0',
5 silly unpublish   spec: '0.6.0',
5 silly unpublish   type: 'version' }
6 verbose getPublishConfig null
7 silly ls normalized pzvue-select-option/0.6.0
8 silly gentlyRm /root/.npm/pzvue-select-option/0.6.0 is being purged
9 verbose gentlyRm don't care about contents; nuking /root/.npm/pzvue-select-option/0.6.0
10 silly mapToRegistry name pzvue-select-option
11 silly mapToRegistry using default registry
12 silly mapToRegistry registry https://registry.npmjs.org/
13 silly mapToRegistry data Result {
13 silly mapToRegistry   raw: 'pzvue-select-option',
13 silly mapToRegistry   scope: null,
13 silly mapToRegistry   escapedName: 'pzvue-select-option',
13 silly mapToRegistry   name: 'pzvue-select-option',
13 silly mapToRegistry   rawSpec: '',
13 silly mapToRegistry   spec: 'latest',
13 silly mapToRegistry   type: 'tag' }
14 silly mapToRegistry uri https://registry.npmjs.org/pzvue-select-option
15 verbose get GET as part of write; not caching result
16 verbose request uri https://registry.npmjs.org/pzvue-select-option?write=true
17 verbose request no auth needed
18 info attempt registry request try #1 at 2:40:47 PM
19 verbose request using bearer token for auth
20 verbose request id cb5f1bf70275d1a9
21 http request GET https://registry.npmjs.org/pzvue-select-option?write=true
22 http 200 https://registry.npmjs.org/pzvue-select-option?write=true
23 verbose headers { server: 'CouchDB/1.5.0 (Erlang OTP/R16B03)',
23 verbose headers   'content-type': 'application/json',
23 verbose headers   etag: '"58458e87-d1d"',
23 verbose headers   'content-encoding': 'gzip',
23 verbose headers   'cache-control': 'max-age=0',
23 verbose headers   'transfer-encoding': 'chunked',
23 verbose headers   'accept-ranges': 'bytes',
23 verbose headers   date: 'Fri, 30 Dec 2016 06:40:48 GMT',
23 verbose headers   via: '1.1 varnish',
23 verbose headers   connection: 'keep-alive',
23 verbose headers   'x-served-by': 'cache-itm7427-ITM',
23 verbose headers   'x-cache': 'MISS',
23 verbose headers   'x-cache-hits': '0',
23 verbose headers   'x-timer': 'S1483080047.719484,VS0,VE626',
23 verbose headers   vary: 'Accept-Encoding' }
24 silly get cb [ 200,
24 silly get   { server: 'CouchDB/1.5.0 (Erlang OTP/R16B03)',
24 silly get     'content-type': 'application/json',
24 silly get     etag: '"58458e87-d1d"',
24 silly get     'content-encoding': 'gzip',
24 silly get     'cache-control': 'max-age=0',
24 silly get     'transfer-encoding': 'chunked',
24 silly get     'accept-ranges': 'bytes',
24 silly get     date: 'Fri, 30 Dec 2016 06:40:48 GMT',
24 silly get     via: '1.1 varnish',
24 silly get     connection: 'keep-alive',
24 silly get     'x-served-by': 'cache-itm7427-ITM',
24 silly get     'x-cache': 'MISS',
24 silly get     'x-cache-hits': '0',
24 silly get     'x-timer': 'S1483080047.719484,VS0,VE626',
24 silly get     vary: 'Accept-Encoding' } ]
25 verbose get saving pzvue-select-option to /root/.npm/registry.npmjs.org/pzvue-select-option_3Fwrite_3Dtrue/.cache.json
26 verbose correctMkdir /root/.npm correctMkdir not in flight; initializing
27 verbose unpublish removing attachments { shasum: '142d9d13dc943bdba42e7b1eb97a9cc5017ac1c7',
27 verbose unpublish   tarball: 'http://registry.npmjs.org/pzvue-select-option/-/pzvue-select-option-0.6.0.tgz' }
28 info unpublish No versions remain, removing entire package
29 verbose request uri https://registry.npmjs.org/pzvue-select-option/-rev/1-f299eb691bd7f91111f5ef1fcc73b2de
30 verbose request sending authorization for write operation
31 info attempt registry request try #1 at 2:40:48 PM
32 verbose request using bearer token for auth
33 http request DELETE https://registry.npmjs.org/pzvue-select-option/-rev/1-f299eb691bd7f91111f5ef1fcc73b2de
34 http 400 https://registry.npmjs.org/pzvue-select-option/-rev/1-f299eb691bd7f91111f5ef1fcc73b2de
35 verbose headers { 'content-type': 'application/json',
35 verbose headers   'cache-control': 'max-age=300',
35 verbose headers   'content-length': '17',
35 verbose headers   'accept-ranges': 'bytes',
35 verbose headers   date: 'Fri, 30 Dec 2016 06:40:48 GMT',
35 verbose headers   via: '1.1 varnish',
35 verbose headers   connection: 'keep-alive',
35 verbose headers   'x-served-by': 'cache-itm7427-ITM',
35 verbose headers   'x-cache': 'MISS',
35 verbose headers   'x-cache-hits': '0',
35 verbose headers   'x-timer': 'S1483080048.506563,VS0,VE163',
35 verbose headers   vary: 'Accept-Encoding' }
36 verbose request invalidating /root/.npm/registry.npmjs.org/pzvue-select-option on DELETE
37 verbose stack Error: Registry returned 400 for DELETE on https://registry.npmjs.org/pzvue-select-option/-rev/1-f299eb691bd7f91111f5ef1fcc73b2de
37 verbose stack     at makeError (/usr/local/lib/node_modules/npm/node_modules/npm-registry-client/lib/request.js:302:12)
37 verbose stack     at CachingRegistryClient.<anonymous> (/usr/local/lib/node_modules/npm/node_modules/npm-registry-client/lib/request.js:280:14)
37 verbose stack     at Request._callback (/usr/local/lib/node_modules/npm/node_modules/npm-registry-client/lib/request.js:210:14)
37 verbose stack     at Request.self.callback (/usr/local/lib/node_modules/npm/node_modules/request/request.js:187:22)
37 verbose stack     at emitTwo (events.js:106:13)
37 verbose stack     at Request.emit (events.js:191:7)
37 verbose stack     at Request.<anonymous> (/usr/local/lib/node_modules/npm/node_modules/request/request.js:1048:10)
37 verbose stack     at emitOne (events.js:96:13)
37 verbose stack     at Request.emit (events.js:188:7)
37 verbose stack     at IncomingMessage.<anonymous> (/usr/local/lib/node_modules/npm/node_modules/request/request.js:969:12)
38 verbose statusCode 400
39 verbose pkgid pzvue-select-option
40 verbose cwd /home/data/host/zuoyan/vue/src/components/layer
41 error Linux 3.10.0-327.36.3.el7.x86_64
42 error argv "/usr/local/bin/node" "/usr/local/bin/npm" "unpublish" "pzvue-select-option@0.6.0"
43 error node v6.9.2
44 error npm  v3.10.9
45 error code E400
46 error Registry returned 400 for DELETE on https://registry.npmjs.org/pzvue-select-option/-rev/1-f299eb691bd7f91111f5ef1fcc73b2de
47 error If you need help, you may report this error at:
47 error     <https://github.com/npm/npm/issues>
48 verbose exit [ 1, true ]
