0 info it worked if it ends with ok
1 verbose cli [ '/usr/local/bin/node', '/usr/local/bin/npm', 'run', 'subtree' ]
2 info using npm@3.10.9
3 info using node@v6.9.2
4 verbose run-script [ 'presubtree', 'subtree', 'postsubtree' ]
5 info lifecycle vueui@1.0.0~presubtree: vueui@1.0.0
6 silly lifecycle vueui@1.0.0~presubtree: no script for presubtree, continuing
7 info lifecycle vueui@1.0.0~subtree: vueui@1.0.0
8 verbose lifecycle vueui@1.0.0~subtree: unsafe-perm in lifecycle true
9 verbose lifecycle vueui@1.0.0~subtree: PATH: /usr/local/lib/node_modules/npm/bin/node-gyp-bin:/home/data/host/zuoyan/vue/node_modules/.bin:/usr/local/sbin:/usr/local/bin:/usr/sbin:/usr/bin:/home/data/soft/golang/go/bin:/home/data/host/go/pkg/linux_amd64:/home/data/host/go/bin:/usr/local/php/bin:/root/bin
10 verbose lifecycle vueui@1.0.0~subtree: CWD: /home/data/host/zuoyan/vue
11 silly lifecycle vueui@1.0.0~subtree: Args: [ '-c',
11 silly lifecycle   'git remote add -f gh-pages https://github.com/zuoyanart/vue.git && git subtree add --prefix=dist vue gh-pages ' ]
12 silly lifecycle vueui@1.0.0~subtree: Returned: code: 128  signal: null
13 info lifecycle vueui@1.0.0~subtree: Failed to exec subtree script
14 verbose stack Error: vueui@1.0.0 subtree: `git remote add -f gh-pages https://github.com/zuoyanart/vue.git && git subtree add --prefix=dist vue gh-pages `
14 verbose stack Exit status 128
14 verbose stack     at EventEmitter.<anonymous> (/usr/local/lib/node_modules/npm/lib/utils/lifecycle.js:255:16)
14 verbose stack     at emitTwo (events.js:106:13)
14 verbose stack     at EventEmitter.emit (events.js:191:7)
14 verbose stack     at ChildProcess.<anonymous> (/usr/local/lib/node_modules/npm/lib/utils/spawn.js:40:14)
14 verbose stack     at emitTwo (events.js:106:13)
14 verbose stack     at ChildProcess.emit (events.js:191:7)
14 verbose stack     at maybeClose (internal/child_process.js:877:16)
14 verbose stack     at Process.ChildProcess._handle.onexit (internal/child_process.js:226:5)
15 verbose pkgid vueui@1.0.0
16 verbose cwd /home/data/host/zuoyan/vue
17 error Linux 3.10.0-327.36.3.el7.x86_64
18 error argv "/usr/local/bin/node" "/usr/local/bin/npm" "run" "subtree"
19 error node v6.9.2
20 error npm  v3.10.9
21 error code ELIFECYCLE
22 error vueui@1.0.0 subtree: `git remote add -f gh-pages https://github.com/zuoyanart/vue.git && git subtree add --prefix=dist vue gh-pages `
22 error Exit status 128
23 error Failed at the vueui@1.0.0 subtree script 'git remote add -f gh-pages https://github.com/zuoyanart/vue.git && git subtree add --prefix=dist vue gh-pages '.
23 error Make sure you have the latest version of node.js and npm installed.
23 error If you do, this is most likely a problem with the vueui package,
23 error not with npm itself.
23 error Tell the author that this fails on your system:
23 error     git remote add -f gh-pages https://github.com/zuoyanart/vue.git && git subtree add --prefix=dist vue gh-pages
23 error You can get information on how to open an issue for this project with:
23 error     npm bugs vueui
23 error Or if that isn't available, you can get their info via:
23 error     npm owner ls vueui
23 error There is likely additional logging output above.
24 verbose exit [ 1, true ]
